c:\users\minem\desktop\fh\oop\oop20_07_maerzendorfer_hinterberger\goemobj\debug\vc142.pdb
c:\users\minem\desktop\fh\oop\oop20_07_maerzendorfer_hinterberger\goemobj\debug\vc142.idb
c:\users\minem\desktop\fh\oop\oop20_07_maerzendorfer_hinterberger\goemobj\debug\main.obj
c:\users\minem\desktop\fh\oop\oop20_07_maerzendorfer_hinterberger\goemobj\debug\geotriangle.obj
c:\users\minem\desktop\fh\oop\oop20_07_maerzendorfer_hinterberger\goemobj\debug\geoellipse.obj
c:\users\minem\desktop\fh\oop\oop20_07_maerzendorfer_hinterberger\goemobj\debug\geocircle.obj
c:\users\minem\desktop\fh\oop\oop20_07_maerzendorfer_hinterberger\goemobj\debug\geocontainer.obj
c:\users\minem\desktop\fh\oop\oop20_07_maerzendorfer_hinterberger\goemobj\debug\geosquare.obj
c:\users\minem\desktop\fh\oop\oop20_07_maerzendorfer_hinterberger\goemobj\debug\georect.obj
c:\users\minem\desktop\fh\oop\oop20_07_maerzendorfer_hinterberger\goemobj\debug\geohouse.obj
c:\users\minem\desktop\fh\oop\oop20_07_maerzendorfer_hinterberger\goemobj\debug\goemobj.exe
c:\users\minem\desktop\fh\oop\oop20_07_maerzendorfer_hinterberger\goemobj\debug\goemobj.ilk
c:\users\minem\desktop\fh\oop\oop20_07_maerzendorfer_hinterberger\goemobj\debug\goemobj.pdb
c:\users\minem\desktop\fh\oop\oop20_07_maerzendorfer_hinterberger\goemobj\debug\main.obj.enc
c:\users\minem\desktop\fh\oop\oop20_07_maerzendorfer_hinterberger\goemobj\debug\goemobj.tlog\cl.command.1.tlog
c:\users\minem\desktop\fh\oop\oop20_07_maerzendorfer_hinterberger\goemobj\debug\goemobj.tlog\cl.read.1.tlog
c:\users\minem\desktop\fh\oop\oop20_07_maerzendorfer_hinterberger\goemobj\debug\goemobj.tlog\cl.write.1.tlog
c:\users\minem\desktop\fh\oop\oop20_07_maerzendorfer_hinterberger\goemobj\debug\goemobj.tlog\link.command.1.tlog
c:\users\minem\desktop\fh\oop\oop20_07_maerzendorfer_hinterberger\goemobj\debug\goemobj.tlog\link.read.1.tlog
c:\users\minem\desktop\fh\oop\oop20_07_maerzendorfer_hinterberger\goemobj\debug\goemobj.tlog\link.write.1.tlog
